# JRE version: Java(TM) SE Runtime Environment (17.0.6+9) (build 17.0.6+9-LTS-190)
# Java VM: Java HotSpot(TM) 64-Bit Server VM (17.0.6+9-LTS-190, mixed mode, sharing, tiered, compressed oops, compressed class ptrs, g1 gc, windows-amd64)
GC Precious Log:
 CPUs: 8 total, 8 available
 Memory: 16228M
 Large Page Support: Disabled
 NUMA Support: Disabled
 Compressed Oops: Enabled (Zero based)
 Heap Region Size: 2M
 Heap Min Capacity: 8M
 Heap Initial Capacity: 254M
 Heap Max Capacity: 4058M
 Pre-touch: Disabled
 Parallel Workers: 8
 Concurrent Workers: 2
 Concurrent Refinement Workers: 8
 Periodic GC: Disabled
Heap:
 garbage-first heap   total 55296K, used 17408K [0x0000000702600000, 0x0000000800000000)
  region size 2048K, 3 young (6144K), 2 survivors (4096K)
 Metaspace       used 25351K, committed 25664K, reserved 1073152K
  class space    used 3455K, committed 3648K, reserved 1048576K
GC Heap History (8 events):
Event: 0.594 GC heap before
{Heap before GC invocations=0 (full 0):
 garbage-first heap   total 260096K, used 22528K [0x0000000702600000, 0x0000000800000000)
  region size 2048K, 11 young (22528K), 0 survivors (0K)
 Metaspace       used 5012K, committed 5184K, reserved 1056768K
  class space    used 587K, committed 640K, reserved 1048576K
}
Event: 0.597 GC heap after
{Heap after GC invocations=1 (full 0):
 garbage-first heap   total 260096K, used 3239K [0x0000000702600000, 0x0000000800000000)
  region size 2048K, 2 young (4096K), 2 survivors (4096K)
 Metaspace       used 5012K, committed 5184K, reserved 1056768K
  class space    used 587K, committed 640K, reserved 1048576K
}
Event: 1.236 GC heap before
{Heap before GC invocations=1 (full 0):
 garbage-first heap   total 260096K, used 36007K [0x0000000702600000, 0x0000000800000000)
  region size 2048K, 19 young (38912K), 2 survivors (4096K)
 Metaspace       used 13910K, committed 14144K, reserved 1064960K
  class space    used 2065K, committed 2176K, reserved 1048576K
}
Event: 1.242 GC heap after
{Heap after GC invocations=2 (full 0):
 garbage-first heap   total 260096K, used 7357K [0x0000000702600000, 0x0000000800000000)
  region size 2048K, 3 young (6144K), 3 survivors (6144K)
 Metaspace       used 13910K, committed 14144K, reserved 1064960K
  class space    used 2065K, committed 2176K, reserved 1048576K
}
Event: 7.750 GC heap before
{Heap before GC invocations=2 (full 0):
 garbage-first heap   total 260096K, used 27837K [0x0000000702600000, 0x0000000800000000)
  region size 2048K, 13 young (26624K), 3 survivors (6144K)
 Metaspace       used 21291K, committed 21504K, reserved 1073152K
  class space    used 2876K, committed 3008K, reserved 1048576K
}
Event: 7.755 GC heap after
{Heap after GC invocations=3 (full 0):
 garbage-first heap   total 260096K, used 12940K [0x0000000702600000, 0x0000000800000000)
  region size 2048K, 5 young (10240K), 5 survivors (10240K)
 Metaspace       used 21291K, committed 21504K, reserved 1073152K
  class space    used 2876K, committed 3008K, reserved 1048576K
}
Event: 9.982 GC heap before
{Heap before GC invocations=4 (full 0):
 garbage-first heap   total 55296K, used 39564K [0x0000000702600000, 0x0000000800000000)
  region size 2048K, 16 young (32768K), 5 survivors (10240K)
 Metaspace       used 25278K, committed 25600K, reserved 1073152K
  class space    used 3451K, committed 3648K, reserved 1048576K
}
Event: 9.990 GC heap after
{Heap after GC invocations=5 (full 0):
 garbage-first heap   total 55296K, used 17408K [0x0000000702600000, 0x0000000800000000)
  region size 2048K, 2 young (4096K), 2 survivors (4096K)
 Metaspace       used 25278K, committed 25600K, reserved 1073152K
  class space    used 3451K, committed 3648K, reserved 1048576K
}

